

Microchip MPLAB XC8 Assembler V2.45 build 20230818022343 
                                                                                               Wed Oct 25 18:57:03 2023

Microchip MPLAB XC8 C Compiler v2.45 (Free license) build 20230818022343 Og1 
     1                           	processor	16F877A
     2                           	pagewidth 120
     3                           	opt	flic
     4                           	psect	cinit,global,class=CODE,merge=1,delta=2
     5                           	psect	cstackCOMMON,global,class=COMMON,space=1,delta=1,noexec
     6                           	psect	maintext,global,class=CODE,split=1,delta=2
     7                           	psect	text1,local,class=CODE,merge=1,delta=2
     8                           	psect	intentry,global,class=CODE,delta=2
     9                           	psect	config,global,abs,ovrld,class=CONFIG,space=4,delta=2,noexec
    10                           	dabs	1,0x7E,2
    11     0000                     
    12                           ; Generated 22/03/2023 GMT
    13                           ; 
    14                           ; Copyright © 2023, Microchip Technology Inc. and its subsidiaries ("Microchip")
    15                           ; All rights reserved.
    16                           ; 
    17                           ; This software is developed by Microchip Technology Inc. and its subsidiaries ("Microch
      +                          ip").
    18                           ; 
    19                           ; Redistribution and use in source and binary forms, with or without modification, are
    20                           ; permitted provided that the following conditions are met:
    21                           ; 
    22                           ;     1. Redistributions of source code must retain the above copyright notice, this lis
      +                          t of
    23                           ;        conditions and the following disclaimer.
    24                           ; 
    25                           ;     2. Redistributions in binary form must reproduce the above copyright notice, this 
      +                          list
    26                           ;        of conditions and the following disclaimer in the documentation and/or other
    27                           ;        materials provided with the distribution. Publication is not required when
    28                           ;        this file is used in an embedded application.
    29                           ; 
    30                           ;     3. Microchip's name may not be used to endorse or promote products derived from th
      +                          is
    31                           ;        software without specific prior written permission.
    32                           ; 
    33                           ; THIS SOFTWARE IS PROVIDED BY MICROCHIP "AS IS" AND ANY EXPRESS OR IMPLIED WARRANTIES,
    34                           ; INCLUDING, BUT NOT LIMITED TO, THE IMPLIED WARRANTIES OF MERCHANTABILITY AND FITNESS F
      +                          OR
    35                           ; PURPOSE ARE DISCLAIMED.  IN NO EVENT SHALL MICROCHIP BE LIABLE FOR ANY DIRECT, INDIREC
      +                          T,
    36                           ; INCIDENTAL, SPECIAL, EXEMPLARY, OR CONSEQUENTIAL DAMAGES (INCLUDING BUT NOT LIMITED TO
    37                           ; PROCUREMENT OF SUBSTITUTE GOODS OR SERVICES; LOSS OF USE, DATA OR PROFITS; OR BUSINESS
    38                           ; INTERRUPTION) HOWSOEVER CAUSED AND ON ANY THEORY OF LIABILITY, WHETHER IN CONTRACT, ST
      +                          RICT
    39                           ; LIABILITY, OR TORT (INCLUDING NEGLIGENCE OR OTHERWISE) ARISING IN ANY WAY OUT OF THE U
      +                          SE OF
    40                           ; THIS SOFTWARE, EVEN IF ADVISED OF THE POSSIBILITY OF SUCH DAMAGE.
    41                           ; 
    42                           ; 
    43                           ; Code-generator required, PIC16F877A Definitions
    44                           ; 
    45                           ; SFR Addresses
    46     0000                     	;# 
    47     0001                     	;# 
    48     0002                     	;# 
    49     0003                     	;# 
    50     0004                     	;# 
    51     0005                     	;# 
    52     0006                     	;# 
    53     0007                     	;# 
    54     0008                     	;# 
    55     0009                     	;# 
    56     000A                     	;# 
    57     000B                     	;# 
    58     000C                     	;# 
    59     000D                     	;# 
    60     000E                     	;# 
    61     000E                     	;# 
    62     000F                     	;# 
    63     0010                     	;# 
    64     0011                     	;# 
    65     0012                     	;# 
    66     0013                     	;# 
    67     0014                     	;# 
    68     0015                     	;# 
    69     0015                     	;# 
    70     0016                     	;# 
    71     0017                     	;# 
    72     0018                     	;# 
    73     0019                     	;# 
    74     001A                     	;# 
    75     001B                     	;# 
    76     001B                     	;# 
    77     001C                     	;# 
    78     001D                     	;# 
    79     001E                     	;# 
    80     001F                     	;# 
    81     0081                     	;# 
    82     0085                     	;# 
    83     0086                     	;# 
    84     0087                     	;# 
    85     0088                     	;# 
    86     0089                     	;# 
    87     008C                     	;# 
    88     008D                     	;# 
    89     008E                     	;# 
    90     0091                     	;# 
    91     0092                     	;# 
    92     0093                     	;# 
    93     0094                     	;# 
    94     0098                     	;# 
    95     0099                     	;# 
    96     009C                     	;# 
    97     009D                     	;# 
    98     009E                     	;# 
    99     009F                     	;# 
   100     010C                     	;# 
   101     010D                     	;# 
   102     010E                     	;# 
   103     010F                     	;# 
   104     018C                     	;# 
   105     018D                     	;# 
   106     0000                     	;# 
   107     0001                     	;# 
   108     0002                     	;# 
   109     0003                     	;# 
   110     0004                     	;# 
   111     0005                     	;# 
   112     0006                     	;# 
   113     0007                     	;# 
   114     0008                     	;# 
   115     0009                     	;# 
   116     000A                     	;# 
   117     000B                     	;# 
   118     000C                     	;# 
   119     000D                     	;# 
   120     000E                     	;# 
   121     000E                     	;# 
   122     000F                     	;# 
   123     0010                     	;# 
   124     0011                     	;# 
   125     0012                     	;# 
   126     0013                     	;# 
   127     0014                     	;# 
   128     0015                     	;# 
   129     0015                     	;# 
   130     0016                     	;# 
   131     0017                     	;# 
   132     0018                     	;# 
   133     0019                     	;# 
   134     001A                     	;# 
   135     001B                     	;# 
   136     001B                     	;# 
   137     001C                     	;# 
   138     001D                     	;# 
   139     001E                     	;# 
   140     001F                     	;# 
   141     0081                     	;# 
   142     0085                     	;# 
   143     0086                     	;# 
   144     0087                     	;# 
   145     0088                     	;# 
   146     0089                     	;# 
   147     008C                     	;# 
   148     008D                     	;# 
   149     008E                     	;# 
   150     0091                     	;# 
   151     0092                     	;# 
   152     0093                     	;# 
   153     0094                     	;# 
   154     0098                     	;# 
   155     0099                     	;# 
   156     009C                     	;# 
   157     009D                     	;# 
   158     009E                     	;# 
   159     009F                     	;# 
   160     010C                     	;# 
   161     010D                     	;# 
   162     010E                     	;# 
   163     010F                     	;# 
   164     018C                     	;# 
   165     018D                     	;# 
   166     0015                     _CCPR1	set	21
   167     000E                     _TMR1	set	14
   168     0008                     _PORTD	set	8
   169     0006                     _PORTB	set	6
   170     00BB                     _CCP1M3	set	187
   171     00BA                     _CCP1M2	set	186
   172     00B9                     _CCP1M1	set	185
   173     00B8                     _CCP1M0	set	184
   174     005F                     _GIE	set	95
   175     005E                     _PEIE	set	94
   176     0062                     _CCP1IF	set	98
   177     0080                     _TMR1ON	set	128
   178     0085                     _T1CKPS1	set	133
   179     0084                     _T1CKPS0	set	132
   180     0083                     _T1OSCEN	set	131
   181     0082                     _T1SYNC	set	130
   182     0081                     _TMR1CS	set	129
   183     0088                     _TRISD	set	136
   184     0086                     _TRISB	set	134
   185     0462                     _CCP1IE	set	1122
   186     043A                     _TRISC2	set	1082
   187                           
   188                           	psect	cinit
   189     000F                     start_initialization:	
   190                           ; #config settings
   191                           
   192     000F                     __initialization:
   193     000F                     end_of_initialization:	
   194                           ;End of C runtime variable initialization code
   195                           
   196     000F                     __end_of__initialization:
   197     000F  0183               	clrf	3
   198     0010  120A  118A  2813   	ljmp	_main	;jump to C main() function
   199                           
   200                           	psect	cstackCOMMON
   201     0070                     __pcstackCOMMON:
   202     0070                     ?_main:
   203     0070                     ?_ISR:	
   204                           ; 1 bytes @ 0x0
   205                           
   206     0070                     ??_ISR:	
   207                           ; 1 bytes @ 0x0
   208                           
   209                           
   210                           ; 1 bytes @ 0x0
   211     0070                     	ds	2
   212     0072                     ??_main:
   213                           
   214                           	psect	maintext
   215     0013                     __pmaintext:	
   216                           ; 1 bytes @ 0x2
   217 ;;
   218 ;;Main: autosize = 0, tempsize = 0, incstack = 0, save=0
   219 ;;
   220 ;; *************** function _main *****************
   221 ;; Defined at:
   222 ;;		line 5 in file "newmain.c"
   223 ;; Parameters:    Size  Location     Type
   224 ;;		None
   225 ;; Auto vars:     Size  Location     Type
   226 ;;		None
   227 ;; Return value:  Size  Location     Type
   228 ;;                  1    wreg      void 
   229 ;; Registers used:
   230 ;;		wreg, status,2
   231 ;; Tracked objects:
   232 ;;		On entry : B00/0
   233 ;;		On exit  : 0/0
   234 ;;		Unchanged: 0/0
   235 ;; Data sizes:     COMMON   BANK0   BANK1   BANK3   BANK2
   236 ;;      Params:         0       0       0       0       0
   237 ;;      Locals:         0       0       0       0       0
   238 ;;      Temps:          0       0       0       0       0
   239 ;;      Totals:         0       0       0       0       0
   240 ;;Total ram usage:        0 bytes
   241 ;; Hardware stack levels required when called: 1
   242 ;; This function calls:
   243 ;;		Nothing
   244 ;; This function is called by:
   245 ;;		Startup code after reset
   246 ;; This function uses a non-reentrant model
   247 ;;
   248                           
   249     0013                     _main:	
   250                           ;psect for function _main
   251                           
   252     0013                     l600:	
   253                           ;incstack = 0
   254                           ; Regs used in _main: [wreg+status,2]
   255                           
   256                           
   257                           ;newmain.c: 7:     TRISB = 0x00;
   258     0013  1683               	bsf	3,5	;RP0=1, select bank1
   259     0014  1303               	bcf	3,6	;RP1=0, select bank1
   260     0015  0186               	clrf	6	;volatile
   261                           
   262                           ;newmain.c: 8:     PORTB = 0x00;
   263     0016  1283               	bcf	3,5	;RP0=0, select bank0
   264     0017  1303               	bcf	3,6	;RP1=0, select bank0
   265     0018  0186               	clrf	6	;volatile
   266                           
   267                           ;newmain.c: 10:     TRISD = 0x00;
   268     0019  1683               	bsf	3,5	;RP0=1, select bank1
   269     001A  1303               	bcf	3,6	;RP1=0, select bank1
   270     001B  0188               	clrf	8	;volatile
   271                           
   272                           ;newmain.c: 11:     PORTD = 0x00;
   273     001C  1283               	bcf	3,5	;RP0=0, select bank0
   274     001D  1303               	bcf	3,6	;RP1=0, select bank0
   275     001E  0188               	clrf	8	;volatile
   276                           
   277                           ;newmain.c: 13:     TMR1 = 0x00;
   278     001F  018E               	clrf	14	;volatile
   279     0020  018F               	clrf	15	;volatile
   280     0021                     l602:
   281                           
   282                           ;newmain.c: 15:     TMR1CS = 1;
   283     0021  1490               	bsf	16,1	;volatile
   284     0022                     l604:
   285                           
   286                           ;newmain.c: 17:     T1SYNC = 0;
   287     0022  1110               	bcf	16,2	;volatile
   288     0023                     l606:
   289                           
   290                           ;newmain.c: 18:     T1OSCEN = 1;
   291     0023  1590               	bsf	16,3	;volatile
   292     0024                     l608:
   293                           
   294                           ;newmain.c: 20:     T1CKPS0 = 0;
   295     0024  1210               	bcf	16,4	;volatile
   296     0025                     l610:
   297                           
   298                           ;newmain.c: 21:     T1CKPS1 = 0;
   299     0025  1290               	bcf	16,5	;volatile
   300     0026                     l612:
   301                           
   302                           ;newmain.c: 22:     TMR1ON = 1;
   303     0026  1410               	bsf	16,0	;volatile
   304     0027                     l614:
   305                           
   306                           ;newmain.c: 25:     TRISC2 = 1;
   307     0027  1683               	bsf	3,5	;RP0=1, select bank1
   308     0028  1303               	bcf	3,6	;RP1=0, select bank1
   309     0029  1507               	bsf	7,2	;volatile
   310     002A                     l616:
   311                           
   312                           ;newmain.c: 27:     CCP1IF = 0;
   313     002A  1283               	bcf	3,5	;RP0=0, select bank0
   314     002B  1303               	bcf	3,6	;RP1=0, select bank0
   315     002C  110C               	bcf	12,2	;volatile
   316     002D                     l618:
   317                           
   318                           ;newmain.c: 29:     CCP1IE = 1;
   319     002D  1683               	bsf	3,5	;RP0=1, select bank1
   320     002E  1303               	bcf	3,6	;RP1=0, select bank1
   321     002F  150C               	bsf	12,2	;volatile
   322     0030                     l620:
   323                           
   324                           ;newmain.c: 30:     PEIE = 1;
   325     0030  170B               	bsf	11,6	;volatile
   326     0031                     l622:
   327                           
   328                           ;newmain.c: 31:     GIE = 1;
   329     0031  178B               	bsf	11,7	;volatile
   330     0032                     l624:
   331                           
   332                           ;newmain.c: 33:     CCP1M0 = 1;
   333     0032  1283               	bcf	3,5	;RP0=0, select bank0
   334     0033  1303               	bcf	3,6	;RP1=0, select bank0
   335     0034  1417               	bsf	23,0	;volatile
   336     0035                     l626:
   337                           
   338                           ;newmain.c: 34:     CCP1M1 = 0;
   339     0035  1097               	bcf	23,1	;volatile
   340     0036                     l628:
   341                           
   342                           ;newmain.c: 35:     CCP1M2 = 1;
   343     0036  1517               	bsf	23,2	;volatile
   344     0037                     l630:
   345                           
   346                           ;newmain.c: 36:     CCP1M3 = 0;
   347     0037  1197               	bcf	23,3	;volatile
   348     0038                     l632:
   349                           
   350                           ;newmain.c: 38:         PORTD = TMR1;
   351     0038  080E               	movf	14,w	;volatile
   352     0039  0088               	movwf	8	;volatile
   353     003A  2838               	goto	l632
   354     003B  120A  118A  280C   	ljmp	start
   355     003E                     __end_of_main:
   356                           
   357                           	psect	text1
   358     003E                     __ptext1:	
   359 ;; *************** function _ISR *****************
   360 ;; Defined at:
   361 ;;		line 43 in file "newmain.c"
   362 ;; Parameters:    Size  Location     Type
   363 ;;		None
   364 ;; Auto vars:     Size  Location     Type
   365 ;;		None
   366 ;; Return value:  Size  Location     Type
   367 ;;                  1    wreg      void 
   368 ;; Registers used:
   369 ;;		wreg
   370 ;; Tracked objects:
   371 ;;		On entry : 0/0
   372 ;;		On exit  : 0/0
   373 ;;		Unchanged: 0/0
   374 ;; Data sizes:     COMMON   BANK0   BANK1   BANK3   BANK2
   375 ;;      Params:         0       0       0       0       0
   376 ;;      Locals:         0       0       0       0       0
   377 ;;      Temps:          2       0       0       0       0
   378 ;;      Totals:         2       0       0       0       0
   379 ;;Total ram usage:        2 bytes
   380 ;; Hardware stack levels used: 1
   381 ;; This function calls:
   382 ;;		Nothing
   383 ;; This function is called by:
   384 ;;		Interrupt level 1
   385 ;; This function uses a non-reentrant model
   386 ;;
   387                           
   388     003E                     _ISR:	
   389                           ;psect for function _ISR
   390                           
   391     003E                     i1l634:
   392                           
   393                           ;newmain.c: 44:     if(CCP1IF){
   394     003E  1283               	bcf	3,5	;RP0=0, select bank0
   395     003F  1303               	bcf	3,6	;RP1=0, select bank0
   396     0040  1D0C               	btfss	12,2	;volatile
   397     0041  2843               	goto	u1_21
   398     0042  2844               	goto	u1_20
   399     0043                     u1_21:
   400     0043  2847               	goto	i1l56
   401     0044                     u1_20:
   402     0044                     i1l636:
   403                           
   404                           ;newmain.c: 45:         PORTB = CCPR1;
   405     0044  0815               	movf	21,w	;volatile
   406     0045  0086               	movwf	6	;volatile
   407     0046                     i1l638:
   408                           
   409                           ;newmain.c: 46:         CCP1IF = 0;
   410     0046  110C               	bcf	12,2	;volatile
   411     0047                     i1l56:
   412     0047  0871               	movf	??_ISR+1,w
   413     0048  008A               	movwf	10
   414     0049  0E70               	swapf	??_ISR,w
   415     004A  0083               	movwf	3
   416     004B  0EFE               	swapf	btemp,f
   417     004C  0E7E               	swapf	btemp,w
   418     004D  0009               	retfie
   419     004E                     __end_of_ISR:
   420     007E                     btemp	set	126	;btemp
   421     007E                     wtemp0	set	126
   422                           
   423                           	psect	intentry
   424     0004                     __pintentry:	
   425                           ;incstack = 0
   426                           ; Regs used in _ISR: [wreg]
   427                           
   428     0004                     interrupt_function:
   429     007E                     saved_w	set	btemp
   430     0004  00FE               	movwf	btemp
   431     0005  0E03               	swapf	3,w
   432     0006  00F0               	movwf	??_ISR
   433     0007  080A               	movf	10,w
   434     0008  00F1               	movwf	??_ISR+1
   435     0009  120A  118A  283E   	ljmp	_ISR
   436                           
   437                           	psect	config
   438                           
   439                           ;Config register CONFIG @ 0x2007
   440                           ;	Oscillator Selection bits
   441                           ;	FOSC = XT, XT oscillator
   442                           ;	Watchdog Timer Enable bit
   443                           ;	WDTE = OFF, WDT disabled
   444                           ;	Power-up Timer Enable bit
   445                           ;	PWRTE = ON, PWRT enabled
   446                           ;	Brown-out Reset Enable bit
   447                           ;	BOREN = ON, BOR enabled
   448                           ;	Low-Voltage (Single-Supply) In-Circuit Serial Programming Enable bit
   449                           ;	LVP = OFF, RB3 is digital I/O, HV on MCLR must be used for programming
   450                           ;	Data EEPROM Memory Code Protection bit
   451                           ;	CPD = OFF, Data EEPROM code protection off
   452                           ;	Flash Program Memory Write Enable bits
   453                           ;	WRT = OFF, Write protection off; all program memory may be written to by EECON control
   454                           ;	In-Circuit Debugger Mode bit
   455                           ;	DEBUG = 0x1, unprogrammed default
   456                           ;	Flash Program Memory Code Protection bit
   457                           ;	CP = OFF, Code protection off
   458     2007                     	org	8199
   459     2007  3F71               	dw	16241

Data Sizes:
    Strings     0
    Constant    0
    Data        0
    BSS         0
    Persistent  0
    Stack       0

Auto Spaces:
    Space          Size  Autos    Used
    COMMON           14      2       2
    BANK0            80      0       0
    BANK1            80      0       0
    BANK3            96      0       0
    BANK2            96      0       0

Pointer List with Targets:

    None.

Critical Paths under _main in COMMON

    None.

Critical Paths under _ISR in COMMON

    None.

Critical Paths under _main in BANK0

    None.

Critical Paths under _ISR in BANK0

    None.

Critical Paths under _main in BANK1

    None.

Critical Paths under _ISR in BANK1

    None.

Critical Paths under _main in BANK3

    None.

Critical Paths under _ISR in BANK3

    None.

Critical Paths under _main in BANK2

    None.

Critical Paths under _ISR in BANK2

    None.

Call Graph Tables:

 ---------------------------------------------------------------------------------
 (Depth) Function   	        Calls       Base Space   Used Autos Params    Refs
 ---------------------------------------------------------------------------------
 (0) _main                                                 0     0      0       0
 ---------------------------------------------------------------------------------
 Estimated maximum stack depth 0
 ---------------------------------------------------------------------------------
 (Depth) Function   	        Calls       Base Space   Used Autos Params    Refs
 ---------------------------------------------------------------------------------
 (1) _ISR                                                  2     2      0       0
                                              0 COMMON     2     2      0
 ---------------------------------------------------------------------------------
 Estimated maximum stack depth 1
 ---------------------------------------------------------------------------------

 Call Graph Graphs:

 _main (ROOT)

 _ISR (ROOT)

 Address spaces:
Name               Size   Autos  Total    Cost      Usage
BITCOMMON            E      0       0       0        0.0%
EEDATA             100      0       0       0        0.0%
NULL                 0      0       0       0        0.0%
CODE                 0      0       0       0        0.0%
COMMON               E      2       2       1       14.3%
BITSFR0              0      0       0       1        0.0%
SFR0                 0      0       0       1        0.0%
BITSFR1              0      0       0       2        0.0%
SFR1                 0      0       0       2        0.0%
STACK                0      0       0       2        0.0%
ABS                  0      0       0       3        0.0%
BITBANK0            50      0       0       4        0.0%
BITSFR3              0      0       0       4        0.0%
SFR3                 0      0       0       4        0.0%
BANK0               50      0       0       5        0.0%
BITSFR2              0      0       0       5        0.0%
SFR2                 0      0       0       5        0.0%
BITBANK1            50      0       0       6        0.0%
BANK1               50      0       0       7        0.0%
BITBANK3            60      0       0       8        0.0%
BANK3               60      0       0       9        0.0%
BITBANK2            60      0       0      10        0.0%
BANK2               60      0       0      11        0.0%
DATA                 0      0       0      12        0.0%


Microchip Technology PIC Macro Assembler V2.45 build 20230818022343 
Symbol Table                                                                                   Wed Oct 25 18:57:03 2023

                    l600 0013                      l610 0025                      l602 0021  
                    l620 0030                      l612 0026                      l604 0022  
                    l630 0037                      l622 0031                      l614 0027  
                    l606 0023                      l632 0038                      l624 0032  
                    l616 002A                      l608 0024                      l626 0035  
                    l618 002D                      l628 0036                      _GIE 005F  
                    _ISR 003E                     ?_ISR 0070                     _PEIE 005E  
                   i1l56 0047                     _TMR1 000E                     u1_20 0044  
                   u1_21 0043                     _main 0013                     btemp 007E  
                   start 000C                    ??_ISR 0070                    ?_main 0070  
                  _CCPR1 0015                    i1l634 003E                    i1l636 0044  
                  i1l638 0046                    _PORTB 0006                    _PORTD 0008  
                  _TRISB 0086                    _TRISD 0088                    pclath 000A  
                  status 0003                    wtemp0 007E          __initialization 000F  
           __end_of_main 003E                   ??_main 0072                   _CCP1M0 00B8  
                 _CCP1M1 00B9                   _CCP1M2 00BA                   _CCP1M3 00BB  
                 _CCP1IE 0462                   _CCP1IF 0062                   _T1SYNC 0082  
                 _TMR1CS 0081                   _TMR1ON 0080                   _TRISC2 043A  
                 saved_w 007E  __end_of__initialization 000F           __pcstackCOMMON 0070  
             __pmaintext 0013               __pintentry 0004                  _T1CKPS0 0084  
                _T1CKPS1 0085                  _T1OSCEN 0083                  __ptext1 003E  
   end_of_initialization 000F      start_initialization 000F              __end_of_ISR 004E  
              ___latbits 0002        interrupt_function 0004                 intlevel1 0000  
